<?xml version="1.0" encoding="UTF-8"?>
<testng-results skipped="0" failed="0" total="1" passed="1">
  <reporter-output>
  </reporter-output>
  <suite name="Suite" duration-ms="62" started-at="2016-11-23T01:36:44Z" finished-at="2016-11-23T01:36:44Z">
    <groups>
    </groups>
    <test name="Test" duration-ms="62" started-at="2016-11-23T01:36:44Z" finished-at="2016-11-23T01:36:44Z">
      <class name="pract1.Demojenkin">
        <test-method status="PASS" signature="testjenkins()[pri:0, instance:pract1.Demojenkin@c0663d]" name="testjenkins" duration-ms="15" started-at="2016-11-23T07:06:44Z" finished-at="2016-11-23T07:06:44Z">
          <reporter-output>
          </reporter-output>
        </test-method> <!-- testjenkins -->
      </class> <!-- pract1.Demojenkin -->
    </test> <!-- Test -->
  </suite> <!-- Suite -->
</testng-results>
